[08/22/2022 15:16:03] Debug: Session id: 36ec3a44-f796-4f92-9fd2-72074d78c763
[08/22/2022 15:16:03] Debug: Code Processor information: Name :SnowConvert, Version: 7.11.81.0
[08/22/2022 15:16:04] Debug: Getting license
[08/22/2022 15:16:04] Debug: License information
	Status: Failed
	Message: No active license available.
[08/22/2022 15:16:04] Info: Starting to validate parameters
[08/22/2022 15:16:04] Info: Parameters to validate: 
	Execution mode: Conversion
	LICENSE_KEY: a3372138-b87e-4a08-b929-3b48b24c63f1
[08/22/2022 15:16:04] Info: Validation of parameters: Success
[08/22/2022 15:16:04] Debug: Getting code descriptor
[08/22/2022 15:16:04] Debug: Code descriptor information
	Units: 51
	Units type: LOC
	All file bytes: 2141
	All found extensions: .sql,.dml,.ddl,.bteq,.btq,.fl,.fload,.ml,.mload,.mld,.tp,.tpump,.tpt
[08/22/2022 15:16:04] Debug: Calculating fingerprint
[08/22/2022 15:16:04] Debug: Fingerprint information Fingerprint(size=2141,projects=1)
[08/22/2022 15:16:04] Info: Starting to try to validate online license for execution
[08/22/2022 15:16:06] Debug: Getting license
[08/22/2022 15:16:06] Debug: License information
	Status: Failed
	Message: No active license available.
[08/22/2022 15:16:06] Debug: Starting the execution of the controller
[08/22/2022 15:16:07] Debug: Executing the worker: SnowConvert
[08/22/2022 15:16:19] Debug: Finished executing the worker: SnowConvert
[08/22/2022 15:16:21] Info: Controller execution ended
